0 info it worked if it ends with ok
1 verbose cli [ '/global/home/namnhong/apps/node-v6.3.0-linux-x64/bin/node',
1 verbose cli   '/home/namnhong/apps/node-v6.3.0-linux-x64/bin/npm',
1 verbose cli   'run',
1 verbose cli   'test' ]
2 info using npm@3.10.3
3 info using node@v6.3.0
4 verbose run-script [ 'pretest', 'test', 'posttest' ]
5 info lifecycle node-red-contrib-dnr@2.3.7~pretest: node-red-contrib-dnr@2.3.7
6 silly lifecycle node-red-contrib-dnr@2.3.7~pretest: no script for pretest, continuing
7 info lifecycle node-red-contrib-dnr@2.3.7~test: node-red-contrib-dnr@2.3.7
8 verbose lifecycle node-red-contrib-dnr@2.3.7~test: unsafe-perm in lifecycle true
9 verbose lifecycle node-red-contrib-dnr@2.3.7~test: PATH: /global/home/namnhong/apps/node-v6.3.0-linux-x64/lib/node_modules/npm/bin/node-gyp-bin:/global/home/namnhong/node-red-contrib-dnr/node_modules/.bin:/global/home/namnhong/apps/node-v6.3.0-linux-x64/bin:/global/software/java/jdk1.7.0_71/bin:/global/software/python-2.7.3/bin:/global/system/globus-5.2.5/bin:/global/system/globus-5.2.5/sbin:/usr/lib64/qt-3.3/bin:/bin:/usr/bin:/global/system/moab/bin:/global/system/torque/bin:/global/software/bin:/usr/local/sbin:/usr/sbin:/sbin:/opt/ibutils/bin:.:/home/namnhong/local/bin:/home/namnhong/scripts:/home/namnhong/apps/node-v6.3.0-linux-x64/bin
10 verbose lifecycle node-red-contrib-dnr@2.3.7~test: CWD: /global/home/namnhong/node-red-contrib-dnr
11 silly lifecycle node-red-contrib-dnr@2.3.7~test: Args: [ '-c', 'mocha --reporter spec' ]
12 silly lifecycle node-red-contrib-dnr@2.3.7~test: Returned: code: 3  signal: null
13 info lifecycle node-red-contrib-dnr@2.3.7~test: Failed to exec test script
14 verbose stack Error: node-red-contrib-dnr@2.3.7 test: `mocha --reporter spec`
14 verbose stack Exit status 3
14 verbose stack     at EventEmitter.<anonymous> (/global/home/namnhong/apps/node-v6.3.0-linux-x64/lib/node_modules/npm/lib/utils/lifecycle.js:242:16)
14 verbose stack     at emitTwo (events.js:106:13)
14 verbose stack     at EventEmitter.emit (events.js:191:7)
14 verbose stack     at ChildProcess.<anonymous> (/global/home/namnhong/apps/node-v6.3.0-linux-x64/lib/node_modules/npm/lib/utils/spawn.js:40:14)
14 verbose stack     at emitTwo (events.js:106:13)
14 verbose stack     at ChildProcess.emit (events.js:191:7)
14 verbose stack     at maybeClose (internal/child_process.js:852:16)
14 verbose stack     at Process.ChildProcess._handle.onexit (internal/child_process.js:215:5)
15 verbose pkgid node-red-contrib-dnr@2.3.7
16 verbose cwd /global/home/namnhong/node-red-contrib-dnr
17 error Linux 2.6.32-358.18.1.el6.x86_64
18 error argv "/global/home/namnhong/apps/node-v6.3.0-linux-x64/bin/node" "/home/namnhong/apps/node-v6.3.0-linux-x64/bin/npm" "run" "test"
19 error node v6.3.0
20 error npm  v3.10.3
21 error code ELIFECYCLE
22 error node-red-contrib-dnr@2.3.7 test: `mocha --reporter spec`
22 error Exit status 3
23 error Failed at the node-red-contrib-dnr@2.3.7 test script 'mocha --reporter spec'.
23 error Make sure you have the latest version of node.js and npm installed.
23 error If you do, this is most likely a problem with the node-red-contrib-dnr package,
23 error not with npm itself.
23 error Tell the author that this fails on your system:
23 error     mocha --reporter spec
23 error You can get information on how to open an issue for this project with:
23 error     npm bugs node-red-contrib-dnr
23 error Or if that isn't available, you can get their info via:
23 error     npm owner ls node-red-contrib-dnr
23 error There is likely additional logging output above.
24 verbose exit [ 1, true ]
